info: Server running on port 5000 {"service":"Aqua Assists-api","timestamp":"2025-09-04T10:10:11.561Z"}
info: API Documentation: http://localhost:5000/api-docs {"service":"Aqua Assists-api","timestamp":"2025-09-04T10:10:11.564Z"}
info: MongoDB Connected {"service":"Aqua Assists-api","timestamp":"2025-09-04T10:10:11.596Z"}
info: 🚀 Aqua Assists Server running on port 5000 {"service":"Aqua Assists-api","timestamp":"2025-09-04T10:12:03.433Z"}
info: 📚 API Documentation: http://localhost:5000/api-docs {"service":"Aqua Assists-api","timestamp":"2025-09-04T10:12:03.437Z"}
info: 🌍 Environment: development {"service":"Aqua Assists-api","timestamp":"2025-09-04T10:12:03.438Z"}
info: MongoDB Connected {"service":"Aqua Assists-api","timestamp":"2025-09-04T10:12:03.484Z"}
info: 🚀 Aqua Assists Server running on port 5000 {"service":"Aqua Assists-api","timestamp":"2025-09-04T10:14:57.678Z"}
info: 📚 API Documentation: http://localhost:5000/api-docs {"service":"Aqua Assists-api","timestamp":"2025-09-04T10:14:57.682Z"}
info: 🌍 Environment: development {"service":"Aqua Assists-api","timestamp":"2025-09-04T10:14:57.682Z"}
info: MongoDB Connected {"service":"Aqua Assists-api","timestamp":"2025-09-04T10:14:57.710Z"}
info: 🚀 Aqua Assists Server running on port 5000 {"service":"Aqua Assists-api","timestamp":"2025-09-04T10:15:15.414Z"}
info: 📚 API Documentation: http://localhost:5000/api-docs {"service":"Aqua Assists-api","timestamp":"2025-09-04T10:15:15.417Z"}
info: 🌍 Environment: development {"service":"Aqua Assists-api","timestamp":"2025-09-04T10:15:15.417Z"}
info: MongoDB Connected {"service":"Aqua Assists-api","timestamp":"2025-09-04T10:15:15.453Z"}
info: 🚀 Aqua Assists Server running on port 5000 {"service":"Aqua Assists-api","timestamp":"2025-09-04T10:18:18.268Z"}
info: 📚 API Documentation: http://localhost:5000/api-docs {"service":"Aqua Assists-api","timestamp":"2025-09-04T10:18:18.271Z"}
info: 🌍 Environment: development {"service":"Aqua Assists-api","timestamp":"2025-09-04T10:18:18.272Z"}
info: MongoDB Connected {"service":"Aqua Assists-api","timestamp":"2025-09-04T10:18:18.301Z"}
info: 🚀 Aqua Assists Server running on port 5000 {"service":"Aqua Assists-api","timestamp":"2025-09-04T10:19:00.186Z"}
info: 📚 API Documentation: http://localhost:5000/api-docs {"service":"Aqua Assists-api","timestamp":"2025-09-04T10:19:00.190Z"}
info: 🌍 Environment: development {"service":"Aqua Assists-api","timestamp":"2025-09-04T10:19:00.191Z"}
info: MongoDB Connected {"service":"Aqua Assists-api","timestamp":"2025-09-04T10:19:00.306Z"}
info: 🚀 Aqua Assists Server running on port 5000 {"service":"Aqua Assists-api","timestamp":"2025-09-04T10:19:09.706Z"}
info: 📚 API Documentation: http://localhost:5000/api-docs {"service":"Aqua Assists-api","timestamp":"2025-09-04T10:19:09.709Z"}
info: 🌍 Environment: development {"service":"Aqua Assists-api","timestamp":"2025-09-04T10:19:09.709Z"}
info: MongoDB Connected {"service":"Aqua Assists-api","timestamp":"2025-09-04T10:19:09.741Z"}
info: 🚀 Aqua Assists Server running on port 5000 {"service":"Aqua Assists-api","timestamp":"2025-09-04T10:22:07.005Z"}
info: 📚 API Documentation: http://localhost:5000/api-docs {"service":"Aqua Assists-api","timestamp":"2025-09-04T10:22:07.010Z"}
info: 🌍 Environment: development {"service":"Aqua Assists-api","timestamp":"2025-09-04T10:22:07.011Z"}
info: MongoDB Connected {"service":"Aqua Assists-api","timestamp":"2025-09-04T10:22:07.050Z"}
info: 🚀 Aqua Assists Server running on port 5000 {"service":"Aqua Assists-api","timestamp":"2025-09-05T11:09:04.804Z"}
info: 📚 API Documentation: http://localhost:5000/api-docs {"service":"Aqua Assists-api","timestamp":"2025-09-05T11:09:04.809Z"}
info: 🌍 Environment: development {"service":"Aqua Assists-api","timestamp":"2025-09-05T11:09:04.811Z"}
info: MongoDB Connected {"service":"Aqua Assists-api","timestamp":"2025-09-05T11:09:04.855Z"}
info: ::1 - - [05/Sep/2025:13:03:19 +0000] "POST /api/auth/login HTTP/1.1" 400 97 "http://localhost:5173/login" "Mozilla/5.0 (Linux; Android 6.0; Nexus 5 Build/MRA58N) AppleWebKit/537.36 (KHTML, like Gecko) Chrome/131.0.0.0 Mobile Safari/537.36" {"service":"Aqua Assists-api","timestamp":"2025-09-05T13:03:19.667Z"}
info: ::1 - - [05/Sep/2025:13:19:05 +0000] "POST /api/auth/login HTTP/1.1" 400 97 "http://localhost:5173/login" "Mozilla/5.0 (Windows NT 10.0; Win64; x64) AppleWebKit/537.36 (KHTML, like Gecko) Chrome/131.0.0.0 Safari/537.36" {"service":"Aqua Assists-api","timestamp":"2025-09-05T13:19:05.923Z"}
info: ::1 - - [05/Sep/2025:13:23:55 +0000] "POST /api/auth/login HTTP/1.1" 400 97 "http://localhost:5173/login" "Mozilla/5.0 (Linux; Android 6.0; Nexus 5 Build/MRA58N) AppleWebKit/537.36 (KHTML, like Gecko) Chrome/131.0.0.0 Mobile Safari/537.36" {"service":"Aqua Assists-api","timestamp":"2025-09-05T13:23:55.897Z"}
info: ::1 - - [05/Sep/2025:13:23:59 +0000] "POST /api/auth/login HTTP/1.1" 400 97 "http://localhost:5173/login" "Mozilla/5.0 (Linux; Android 6.0; Nexus 5 Build/MRA58N) AppleWebKit/537.36 (KHTML, like Gecko) Chrome/131.0.0.0 Mobile Safari/537.36" {"service":"Aqua Assists-api","timestamp":"2025-09-05T13:23:59.808Z"}
info: ::1 - - [05/Sep/2025:13:48:21 +0000] "POST /api/auth/login HTTP/1.1" 400 97 "http://localhost:5173/login" "Mozilla/5.0 (Windows NT 10.0; Win64; x64) AppleWebKit/537.36 (KHTML, like Gecko) Chrome/131.0.0.0 Safari/537.36" {"service":"Aqua Assists-api","timestamp":"2025-09-05T13:48:21.565Z"}
info: 🚀 Aqua Assists Server running on port 5000 {"service":"Aqua Assists-api","timestamp":"2025-09-05T15:53:37.308Z"}
info: 📚 API Documentation: http://localhost:5000/api-docs {"service":"Aqua Assists-api","timestamp":"2025-09-05T15:53:37.313Z"}
info: 🌍 Environment: development {"service":"Aqua Assists-api","timestamp":"2025-09-05T15:53:37.314Z"}
info: MongoDB Connected {"service":"Aqua Assists-api","timestamp":"2025-09-05T15:53:37.343Z"}
info: ::1 - - [05/Sep/2025:15:54:39 +0000] "POST /api/auth/login HTTP/1.1" 400 97 "http://localhost:5173/login" "Mozilla/5.0 (Windows NT 10.0; Win64; x64) AppleWebKit/537.36 (KHTML, like Gecko) Chrome/131.0.0.0 Safari/537.36" {"service":"Aqua Assists-api","timestamp":"2025-09-05T15:54:39.430Z"}
info: ::1 - - [05/Sep/2025:15:56:35 +0000] "POST /api/auth/register HTTP/1.1" 201 535 "http://localhost:5173/register" "Mozilla/5.0 (Windows NT 10.0; Win64; x64) AppleWebKit/537.36 (KHTML, like Gecko) Chrome/131.0.0.0 Safari/537.36" {"service":"Aqua Assists-api","timestamp":"2025-09-05T15:56:35.939Z"}
info: ::1 - - [05/Sep/2025:16:11:40 +0000] "GET /api/analytics/dashboard?timeRange=7d HTTP/1.1" 200 197 "http://localhost:5173/dashboard" "Mozilla/5.0 (Linux; Android 6.0; Nexus 5 Build/MRA58N) AppleWebKit/537.36 (KHTML, like Gecko) Chrome/131.0.0.0 Mobile Safari/537.36" {"service":"Aqua Assists-api","timestamp":"2025-09-05T16:11:40.121Z"}
info: 🚀 Aqua Assists Server running on port 5000 {"service":"Aqua Assists-api","timestamp":"2025-09-05T16:21:36.813Z"}
info: 📚 API Documentation: http://localhost:5000/api-docs {"service":"Aqua Assists-api","timestamp":"2025-09-05T16:21:36.820Z"}
info: 🌍 Environment: development {"service":"Aqua Assists-api","timestamp":"2025-09-05T16:21:36.821Z"}
info: MongoDB Connected {"service":"Aqua Assists-api","timestamp":"2025-09-05T16:21:36.863Z"}
info: 🚀 Aqua Assists Server running on port 5000 {"service":"Aqua Assists-api","timestamp":"2025-09-05T16:36:38.085Z"}
info: 📚 API Documentation: http://localhost:5000/api-docs {"service":"Aqua Assists-api","timestamp":"2025-09-05T16:36:38.088Z"}
info: 🌍 Environment: development {"service":"Aqua Assists-api","timestamp":"2025-09-05T16:36:38.089Z"}
info: MongoDB Connected {"service":"Aqua Assists-api","timestamp":"2025-09-05T16:36:38.113Z"}
info: 🚀 Aqua Assists Server running on port 5000 {"service":"Aqua Assists-api","timestamp":"2025-09-05T18:46:47.782Z"}
info: 📚 API Documentation: http://localhost:5000/api-docs {"service":"Aqua Assists-api","timestamp":"2025-09-05T18:46:47.786Z"}
info: 🌍 Environment: development {"service":"Aqua Assists-api","timestamp":"2025-09-05T18:46:47.787Z"}
info: MongoDB Connected {"service":"Aqua Assists-api","timestamp":"2025-09-05T18:46:47.817Z"}
info: 🚀 Aqua Assists Server running on port 5000 {"service":"Aqua Assists-api","timestamp":"2025-09-06T08:40:07.716Z"}
info: 📚 API Documentation: http://localhost:5000/api-docs {"service":"Aqua Assists-api","timestamp":"2025-09-06T08:40:07.723Z"}
info: 🌍 Environment: development {"service":"Aqua Assists-api","timestamp":"2025-09-06T08:40:07.723Z"}
info: MongoDB Connected {"service":"Aqua Assists-api","timestamp":"2025-09-06T08:40:07.774Z"}
info: 🚀 Aqua Assists Server running on port 5000 {"service":"Aqua Assists-api","timestamp":"2025-09-06T16:26:29.103Z"}
info: 📚 API Documentation: http://localhost:5000/api-docs {"service":"Aqua Assists-api","timestamp":"2025-09-06T16:26:29.108Z"}
info: 🌍 Environment: development {"service":"Aqua Assists-api","timestamp":"2025-09-06T16:26:29.108Z"}
info: MongoDB Connected {"service":"Aqua Assists-api","timestamp":"2025-09-06T16:26:29.130Z"}
info: 🚀 Aqua Assists Server running on port 5000 {"service":"Aqua Assists-api","timestamp":"2025-09-06T17:24:31.603Z"}
info: 📚 API Documentation: http://localhost:5000/api-docs {"service":"Aqua Assists-api","timestamp":"2025-09-06T17:24:31.613Z"}
info: 🌍 Environment: development {"service":"Aqua Assists-api","timestamp":"2025-09-06T17:24:31.615Z"}
info: MongoDB Connected {"service":"Aqua Assists-api","timestamp":"2025-09-06T17:24:31.670Z"}
info: User connected: fg0hIJdH5uQK6M1lAAAB {"service":"Aqua Assists-api","timestamp":"2025-09-06T17:24:35.811Z"}
info: User connected: Afsn2OAJR8a0IObyAAAD {"service":"Aqua Assists-api","timestamp":"2025-09-06T17:25:54.198Z"}
info: ::1 - - [06/Sep/2025:17:26:22 +0000] "GET /api/analytics/dashboard?timeRange=7d HTTP/1.1" 304 - "http://localhost:5173/dashboard" "Mozilla/5.0 (Linux; Android 6.0; Nexus 5 Build/MRA58N) AppleWebKit/537.36 (KHTML, like Gecko) Chrome/131.0.0.0 Mobile Safari/537.36" {"service":"Aqua Assists-api","timestamp":"2025-09-06T17:26:22.722Z"}
info: ::1 - - [06/Sep/2025:17:26:47 +0000] "GET /api/flood-reports?sortBy=newest&limit=20 HTTP/1.1" 200 201 "http://localhost:5173/reports" "Mozilla/5.0 (Windows NT 10.0; Win64; x64) AppleWebKit/537.36 (KHTML, like Gecko) Chrome/131.0.0.0 Safari/537.36" {"service":"Aqua Assists-api","timestamp":"2025-09-06T17:26:47.964Z"}
info: ::1 - - [06/Sep/2025:17:26:51 +0000] "GET /api/alerts?status=active HTTP/1.1" 200 38 "http://localhost:5173/alerts" "Mozilla/5.0 (Windows NT 10.0; Win64; x64) AppleWebKit/537.36 (KHTML, like Gecko) Chrome/131.0.0.0 Safari/537.36" {"service":"Aqua Assists-api","timestamp":"2025-09-06T17:26:51.086Z"}
info: ::1 - - [06/Sep/2025:17:28:46 +0000] "POST /api/auth/login HTTP/1.1" 200 632 "http://localhost:5173/login" "Mozilla/5.0 (Windows NT 10.0; Win64; x64) AppleWebKit/537.36 (KHTML, like Gecko) Chrome/131.0.0.0 Safari/537.36" {"service":"Aqua Assists-api","timestamp":"2025-09-06T17:28:46.731Z"}
info: User disconnected: Afsn2OAJR8a0IObyAAAD {"service":"Aqua Assists-api","timestamp":"2025-09-06T17:30:34.231Z"}
info: User connected: cpOEi2gjsgdXFg97AAAF {"service":"Aqua Assists-api","timestamp":"2025-09-06T17:31:04.143Z"}
info: ::1 - - [06/Sep/2025:17:31:04 +0000] "GET /api/analytics/dashboard?timeRange=7d HTTP/1.1" 200 197 "http://localhost:5173/dashboard" "Mozilla/5.0 (Linux; Android 6.0; Nexus 5 Build/MRA58N) AppleWebKit/537.36 (KHTML, like Gecko) Chrome/131.0.0.0 Mobile Safari/537.36" {"service":"Aqua Assists-api","timestamp":"2025-09-06T17:31:04.150Z"}
info: User disconnected: cpOEi2gjsgdXFg97AAAF {"service":"Aqua Assists-api","timestamp":"2025-09-06T17:31:09.758Z"}
info: User connected: drPXEH60RpN5tgMBAAAH {"service":"Aqua Assists-api","timestamp":"2025-09-06T17:31:10.109Z"}
info: ::1 - - [06/Sep/2025:17:31:10 +0000] "GET /api/analytics/dashboard?timeRange=7d HTTP/1.1" 304 - "http://localhost:5173/dashboard" "Mozilla/5.0 (Linux; Android 6.0; Nexus 5 Build/MRA58N) AppleWebKit/537.36 (KHTML, like Gecko) Chrome/131.0.0.0 Mobile Safari/537.36" {"service":"Aqua Assists-api","timestamp":"2025-09-06T17:31:10.115Z"}
