2025-10-04T08:24:43.261Z [error]: Route not found with ID: /api/flood-reports/undefined/vote [c504e4f3-b27f-4b44-857e-f31ca4cdac59]
{
  "metadata": {
    "service": "Aqua Assists-api",
    "hostname": "Sandip_10",
    "environment": "development",
    "correlationId": "c504e4f3-b27f-4b44-857e-f31ca4cdac59",
    "url": "/api/flood-reports/undefined/vote",
    "method": "POST",
    "ip": "::1",
    "userAgent": "Mozilla/5.0 (Windows NT 10.0; Win64; x64) AppleWebKit/537.36 (KHTML, like Gecko) Chrome/131.0.0.0 Safari/537.36",
    "userId": "anonymous",
    "requestBody": {
      "vote": "upvote"
    },
    "error": {
      "name": "ResourceNotFoundError",
      "message": "Route not found with ID: /api/flood-reports/undefined/vote",
      "stack": "ResourceNotFoundError: Route not found with ID: /api/flood-reports/undefined/vote\n    at notFoundHandler (S:\\flood-disaster-management\\server\\middleware\\errorHandler.js:361:17)\n    at Layer.handle [as handle_request] (S:\\flood-disaster-management\\server\\node_modules\\express\\lib\\router\\layer.js:95:5)\n    at trim_prefix (S:\\flood-disaster-management\\server\\node_modules\\express\\lib\\router\\index.js:328:13)\n    at S:\\flood-disaster-management\\server\\node_modules\\express\\lib\\router\\index.js:286:9\n    at Function.process_params (S:\\flood-disaster-management\\server\\node_modules\\express\\lib\\router\\index.js:346:12)\n    at next (S:\\flood-disaster-management\\server\\node_modules\\express\\lib\\router\\index.js:280:10)\n    at S:\\flood-disaster-management\\server\\node_modules\\express\\lib\\router\\index.js:646:15\n    at next (S:\\flood-disaster-management\\server\\node_modules\\express\\lib\\router\\index.js:265:14)\n    at Function.handle (S:\\flood-disaster-management\\server\\node_modules\\express\\lib\\router\\index.js:175:3)\n    at router (S:\\flood-disaster-management\\server\\node_modules\\express\\lib\\router\\index.js:47:12)",
      "errorCode": "ERR_NOT_FOUND"
    }
  }
}
2025-10-04T08:24:45.898Z [error]: Route not found with ID: /api/flood-reports/undefined/vote [8c455f43-8976-4583-98fa-44607ac5f3a6]
{
  "metadata": {
    "service": "Aqua Assists-api",
    "hostname": "Sandip_10",
    "environment": "development",
    "correlationId": "8c455f43-8976-4583-98fa-44607ac5f3a6",
    "url": "/api/flood-reports/undefined/vote",
    "method": "POST",
    "ip": "::1",
    "userAgent": "Mozilla/5.0 (Windows NT 10.0; Win64; x64) AppleWebKit/537.36 (KHTML, like Gecko) Chrome/131.0.0.0 Safari/537.36",
    "userId": "anonymous",
    "requestBody": {
      "vote": "downvote"
    },
    "error": {
      "name": "ResourceNotFoundError",
      "message": "Route not found with ID: /api/flood-reports/undefined/vote",
      "stack": "ResourceNotFoundError: Route not found with ID: /api/flood-reports/undefined/vote\n    at notFoundHandler (S:\\flood-disaster-management\\server\\middleware\\errorHandler.js:361:17)\n    at Layer.handle [as handle_request] (S:\\flood-disaster-management\\server\\node_modules\\express\\lib\\router\\layer.js:95:5)\n    at trim_prefix (S:\\flood-disaster-management\\server\\node_modules\\express\\lib\\router\\index.js:328:13)\n    at S:\\flood-disaster-management\\server\\node_modules\\express\\lib\\router\\index.js:286:9\n    at Function.process_params (S:\\flood-disaster-management\\server\\node_modules\\express\\lib\\router\\index.js:346:12)\n    at next (S:\\flood-disaster-management\\server\\node_modules\\express\\lib\\router\\index.js:280:10)\n    at S:\\flood-disaster-management\\server\\node_modules\\express\\lib\\router\\index.js:646:15\n    at next (S:\\flood-disaster-management\\server\\node_modules\\express\\lib\\router\\index.js:265:14)\n    at Function.handle (S:\\flood-disaster-management\\server\\node_modules\\express\\lib\\router\\index.js:175:3)\n    at router (S:\\flood-disaster-management\\server\\node_modules\\express\\lib\\router\\index.js:47:12)",
      "errorCode": "ERR_NOT_FOUND"
    }
  }
}
2025-10-04T08:35:36.802Z [error]: Route not found with ID: /api/flood-reports/68deb879164e271f5b2c5cef/vote [1fc5ee7d-dfd8-4d9e-8710-3013a1bbd0c6]
{
  "metadata": {
    "service": "Aqua Assists-api",
    "hostname": "Sandip_10",
    "environment": "development",
    "correlationId": "1fc5ee7d-dfd8-4d9e-8710-3013a1bbd0c6",
    "url": "/api/flood-reports/68deb879164e271f5b2c5cef/vote",
    "method": "POST",
    "ip": "::1",
    "userAgent": "Mozilla/5.0 (Windows NT 10.0; Win64; x64) AppleWebKit/537.36 (KHTML, like Gecko) Chrome/131.0.0.0 Safari/537.36",
    "userId": "anonymous",
    "requestBody": {
      "vote": "upvote"
    },
    "error": {
      "name": "ResourceNotFoundError",
      "message": "Route not found with ID: /api/flood-reports/68deb879164e271f5b2c5cef/vote",
      "stack": "ResourceNotFoundError: Route not found with ID: /api/flood-reports/68deb879164e271f5b2c5cef/vote\n    at notFoundHandler (S:\\flood-disaster-management\\server\\middleware\\errorHandler.js:361:17)\n    at Layer.handle [as handle_request] (S:\\flood-disaster-management\\server\\node_modules\\express\\lib\\router\\layer.js:95:5)\n    at trim_prefix (S:\\flood-disaster-management\\server\\node_modules\\express\\lib\\router\\index.js:328:13)\n    at S:\\flood-disaster-management\\server\\node_modules\\express\\lib\\router\\index.js:286:9\n    at Function.process_params (S:\\flood-disaster-management\\server\\node_modules\\express\\lib\\router\\index.js:346:12)\n    at next (S:\\flood-disaster-management\\server\\node_modules\\express\\lib\\router\\index.js:280:10)\n    at S:\\flood-disaster-management\\server\\node_modules\\express\\lib\\router\\index.js:646:15\n    at next (S:\\flood-disaster-management\\server\\node_modules\\express\\lib\\router\\index.js:265:14)\n    at Function.handle (S:\\flood-disaster-management\\server\\node_modules\\express\\lib\\router\\index.js:175:3)\n    at router (S:\\flood-disaster-management\\server\\node_modules\\express\\lib\\router\\index.js:47:12)",
      "errorCode": "ERR_NOT_FOUND"
    }
  }
}
2025-10-04T08:35:48.196Z [error]: Route not found with ID: /api/flood-reports/68deb69e69c4831b2294eb6c/vote [ac1fd99b-8af4-419c-84b6-9fd4d226af0d]
{
  "metadata": {
    "service": "Aqua Assists-api",
    "hostname": "Sandip_10",
    "environment": "development",
    "correlationId": "ac1fd99b-8af4-419c-84b6-9fd4d226af0d",
    "url": "/api/flood-reports/68deb69e69c4831b2294eb6c/vote",
    "method": "POST",
    "ip": "::1",
    "userAgent": "Mozilla/5.0 (Linux; Android 6.0; Nexus 5 Build/MRA58N) AppleWebKit/537.36 (KHTML, like Gecko) Chrome/131.0.0.0 Mobile Safari/537.36",
    "userId": "anonymous",
    "requestBody": {
      "vote": "upvote"
    },
    "error": {
      "name": "ResourceNotFoundError",
      "message": "Route not found with ID: /api/flood-reports/68deb69e69c4831b2294eb6c/vote",
      "stack": "ResourceNotFoundError: Route not found with ID: /api/flood-reports/68deb69e69c4831b2294eb6c/vote\n    at notFoundHandler (S:\\flood-disaster-management\\server\\middleware\\errorHandler.js:361:17)\n    at Layer.handle [as handle_request] (S:\\flood-disaster-management\\server\\node_modules\\express\\lib\\router\\layer.js:95:5)\n    at trim_prefix (S:\\flood-disaster-management\\server\\node_modules\\express\\lib\\router\\index.js:328:13)\n    at S:\\flood-disaster-management\\server\\node_modules\\express\\lib\\router\\index.js:286:9\n    at Function.process_params (S:\\flood-disaster-management\\server\\node_modules\\express\\lib\\router\\index.js:346:12)\n    at next (S:\\flood-disaster-management\\server\\node_modules\\express\\lib\\router\\index.js:280:10)\n    at S:\\flood-disaster-management\\server\\node_modules\\express\\lib\\router\\index.js:646:15\n    at next (S:\\flood-disaster-management\\server\\node_modules\\express\\lib\\router\\index.js:265:14)\n    at Function.handle (S:\\flood-disaster-management\\server\\node_modules\\express\\lib\\router\\index.js:175:3)\n    at router (S:\\flood-disaster-management\\server\\node_modules\\express\\lib\\router\\index.js:47:12)",
      "errorCode": "ERR_NOT_FOUND"
    }
  }
}
2025-10-04T09:05:39.765Z [error]: Route not found with ID: /api/api/admin/users?page=1&limit=10&search= [64a10888-fdb9-46fe-800f-7697d6315ea1]
{
  "metadata": {
    "service": "Aqua Assists-api",
    "hostname": "Sandip_10",
    "environment": "development",
    "correlationId": "64a10888-fdb9-46fe-800f-7697d6315ea1",
    "url": "/api/api/admin/users?page=1&limit=10&search=",
    "method": "GET",
    "ip": "::1",
    "userAgent": "Mozilla/5.0 (Windows NT 10.0; Win64; x64) AppleWebKit/537.36 (KHTML, like Gecko) Chrome/131.0.0.0 Safari/537.36",
    "userId": "anonymous",
    "requestQuery": {
      "page": "1",
      "limit": "10",
      "search": ""
    },
    "error": {
      "name": "ResourceNotFoundError",
      "message": "Route not found with ID: /api/api/admin/users?page=1&limit=10&search=",
      "stack": "ResourceNotFoundError: Route not found with ID: /api/api/admin/users?page=1&limit=10&search=\n    at notFoundHandler (S:\\flood-disaster-management\\server\\middleware\\errorHandler.js:361:17)\n    at Layer.handle [as handle_request] (S:\\flood-disaster-management\\server\\node_modules\\express\\lib\\router\\layer.js:95:5)\n    at trim_prefix (S:\\flood-disaster-management\\server\\node_modules\\express\\lib\\router\\index.js:328:13)\n    at S:\\flood-disaster-management\\server\\node_modules\\express\\lib\\router\\index.js:286:9\n    at Function.process_params (S:\\flood-disaster-management\\server\\node_modules\\express\\lib\\router\\index.js:346:12)\n    at next (S:\\flood-disaster-management\\server\\node_modules\\express\\lib\\router\\index.js:280:10)\n    at S:\\flood-disaster-management\\server\\node_modules\\express\\lib\\router\\index.js:646:15\n    at next (S:\\flood-disaster-management\\server\\node_modules\\express\\lib\\router\\index.js:265:14)\n    at Function.handle (S:\\flood-disaster-management\\server\\node_modules\\express\\lib\\router\\index.js:175:3)\n    at router (S:\\flood-disaster-management\\server\\node_modules\\express\\lib\\router\\index.js:47:12)",
      "errorCode": "ERR_NOT_FOUND"
    }
  }
}
2025-10-04T09:05:40.782Z [error]: Route not found with ID: /api/api/admin/users?page=1&limit=10&search= [cec1d00a-b7a1-47ce-afcf-ed9cef2f286f]
{
  "metadata": {
    "service": "Aqua Assists-api",
    "hostname": "Sandip_10",
    "environment": "development",
    "correlationId": "cec1d00a-b7a1-47ce-afcf-ed9cef2f286f",
    "url": "/api/api/admin/users?page=1&limit=10&search=",
    "method": "GET",
    "ip": "::1",
    "userAgent": "Mozilla/5.0 (Windows NT 10.0; Win64; x64) AppleWebKit/537.36 (KHTML, like Gecko) Chrome/131.0.0.0 Safari/537.36",
    "userId": "anonymous",
    "requestQuery": {
      "page": "1",
      "limit": "10",
      "search": ""
    },
    "error": {
      "name": "ResourceNotFoundError",
      "message": "Route not found with ID: /api/api/admin/users?page=1&limit=10&search=",
      "stack": "ResourceNotFoundError: Route not found with ID: /api/api/admin/users?page=1&limit=10&search=\n    at notFoundHandler (S:\\flood-disaster-management\\server\\middleware\\errorHandler.js:361:17)\n    at Layer.handle [as handle_request] (S:\\flood-disaster-management\\server\\node_modules\\express\\lib\\router\\layer.js:95:5)\n    at trim_prefix (S:\\flood-disaster-management\\server\\node_modules\\express\\lib\\router\\index.js:328:13)\n    at S:\\flood-disaster-management\\server\\node_modules\\express\\lib\\router\\index.js:286:9\n    at Function.process_params (S:\\flood-disaster-management\\server\\node_modules\\express\\lib\\router\\index.js:346:12)\n    at next (S:\\flood-disaster-management\\server\\node_modules\\express\\lib\\router\\index.js:280:10)\n    at S:\\flood-disaster-management\\server\\node_modules\\express\\lib\\router\\index.js:646:15\n    at next (S:\\flood-disaster-management\\server\\node_modules\\express\\lib\\router\\index.js:265:14)\n    at Function.handle (S:\\flood-disaster-management\\server\\node_modules\\express\\lib\\router\\index.js:175:3)\n    at router (S:\\flood-disaster-management\\server\\node_modules\\express\\lib\\router\\index.js:47:12)",
      "errorCode": "ERR_NOT_FOUND"
    }
  }
}
2025-10-04T09:05:42.802Z [error]: Route not found with ID: /api/api/admin/users?page=1&limit=10&search= [dbf3b589-e34c-41b7-bee2-6fb00b250785]
{
  "metadata": {
    "service": "Aqua Assists-api",
    "hostname": "Sandip_10",
    "environment": "development",
    "correlationId": "dbf3b589-e34c-41b7-bee2-6fb00b250785",
    "url": "/api/api/admin/users?page=1&limit=10&search=",
    "method": "GET",
    "ip": "::1",
    "userAgent": "Mozilla/5.0 (Windows NT 10.0; Win64; x64) AppleWebKit/537.36 (KHTML, like Gecko) Chrome/131.0.0.0 Safari/537.36",
    "userId": "anonymous",
    "requestQuery": {
      "page": "1",
      "limit": "10",
      "search": ""
    },
    "error": {
      "name": "ResourceNotFoundError",
      "message": "Route not found with ID: /api/api/admin/users?page=1&limit=10&search=",
      "stack": "ResourceNotFoundError: Route not found with ID: /api/api/admin/users?page=1&limit=10&search=\n    at notFoundHandler (S:\\flood-disaster-management\\server\\middleware\\errorHandler.js:361:17)\n    at Layer.handle [as handle_request] (S:\\flood-disaster-management\\server\\node_modules\\express\\lib\\router\\layer.js:95:5)\n    at trim_prefix (S:\\flood-disaster-management\\server\\node_modules\\express\\lib\\router\\index.js:328:13)\n    at S:\\flood-disaster-management\\server\\node_modules\\express\\lib\\router\\index.js:286:9\n    at Function.process_params (S:\\flood-disaster-management\\server\\node_modules\\express\\lib\\router\\index.js:346:12)\n    at next (S:\\flood-disaster-management\\server\\node_modules\\express\\lib\\router\\index.js:280:10)\n    at S:\\flood-disaster-management\\server\\node_modules\\express\\lib\\router\\index.js:646:15\n    at next (S:\\flood-disaster-management\\server\\node_modules\\express\\lib\\router\\index.js:265:14)\n    at Function.handle (S:\\flood-disaster-management\\server\\node_modules\\express\\lib\\router\\index.js:175:3)\n    at router (S:\\flood-disaster-management\\server\\node_modules\\express\\lib\\router\\index.js:47:12)",
      "errorCode": "ERR_NOT_FOUND"
    }
  }
}
2025-10-04T09:05:46.823Z [error]: Route not found with ID: /api/api/admin/users?page=1&limit=10&search= [22eb0327-ef3a-45dc-a3b4-8bfabd13f66b]
{
  "metadata": {
    "service": "Aqua Assists-api",
    "hostname": "Sandip_10",
    "environment": "development",
    "correlationId": "22eb0327-ef3a-45dc-a3b4-8bfabd13f66b",
    "url": "/api/api/admin/users?page=1&limit=10&search=",
    "method": "GET",
    "ip": "::1",
    "userAgent": "Mozilla/5.0 (Windows NT 10.0; Win64; x64) AppleWebKit/537.36 (KHTML, like Gecko) Chrome/131.0.0.0 Safari/537.36",
    "userId": "anonymous",
    "requestQuery": {
      "page": "1",
      "limit": "10",
      "search": ""
    },
    "error": {
      "name": "ResourceNotFoundError",
      "message": "Route not found with ID: /api/api/admin/users?page=1&limit=10&search=",
      "stack": "ResourceNotFoundError: Route not found with ID: /api/api/admin/users?page=1&limit=10&search=\n    at notFoundHandler (S:\\flood-disaster-management\\server\\middleware\\errorHandler.js:361:17)\n    at Layer.handle [as handle_request] (S:\\flood-disaster-management\\server\\node_modules\\express\\lib\\router\\layer.js:95:5)\n    at trim_prefix (S:\\flood-disaster-management\\server\\node_modules\\express\\lib\\router\\index.js:328:13)\n    at S:\\flood-disaster-management\\server\\node_modules\\express\\lib\\router\\index.js:286:9\n    at Function.process_params (S:\\flood-disaster-management\\server\\node_modules\\express\\lib\\router\\index.js:346:12)\n    at next (S:\\flood-disaster-management\\server\\node_modules\\express\\lib\\router\\index.js:280:10)\n    at S:\\flood-disaster-management\\server\\node_modules\\express\\lib\\router\\index.js:646:15\n    at next (S:\\flood-disaster-management\\server\\node_modules\\express\\lib\\router\\index.js:265:14)\n    at Function.handle (S:\\flood-disaster-management\\server\\node_modules\\express\\lib\\router\\index.js:175:3)\n    at router (S:\\flood-disaster-management\\server\\node_modules\\express\\lib\\router\\index.js:47:12)",
      "errorCode": "ERR_NOT_FOUND"
    }
  }
}
2025-10-04T09:06:01.176Z [error]: Route not found with ID: /api/api/admin/resources?page=1&limit=10&search=&category=all&location=all&status=all&sortField=name&sortOrder=asc [d892f0ec-290c-4746-91f3-da04c8ea7db7]
{
  "metadata": {
    "service": "Aqua Assists-api",
    "hostname": "Sandip_10",
    "environment": "development",
    "correlationId": "d892f0ec-290c-4746-91f3-da04c8ea7db7",
    "url": "/api/api/admin/resources?page=1&limit=10&search=&category=all&location=all&status=all&sortField=name&sortOrder=asc",
    "method": "GET",
    "ip": "::1",
    "userAgent": "Mozilla/5.0 (Windows NT 10.0; Win64; x64) AppleWebKit/537.36 (KHTML, like Gecko) Chrome/131.0.0.0 Safari/537.36",
    "userId": "anonymous",
    "requestQuery": {
      "page": "1",
      "limit": "10",
      "search": "",
      "category": "all",
      "location": "all",
      "status": "all",
      "sortField": "name",
      "sortOrder": "asc"
    },
    "error": {
      "name": "ResourceNotFoundError",
      "message": "Route not found with ID: /api/api/admin/resources?page=1&limit=10&search=&category=all&location=all&status=all&sortField=name&sortOrder=asc",
      "stack": "ResourceNotFoundError: Route not found with ID: /api/api/admin/resources?page=1&limit=10&search=&category=all&location=all&status=all&sortField=name&sortOrder=asc\n    at notFoundHandler (S:\\flood-disaster-management\\server\\middleware\\errorHandler.js:361:17)\n    at Layer.handle [as handle_request] (S:\\flood-disaster-management\\server\\node_modules\\express\\lib\\router\\layer.js:95:5)\n    at trim_prefix (S:\\flood-disaster-management\\server\\node_modules\\express\\lib\\router\\index.js:328:13)\n    at S:\\flood-disaster-management\\server\\node_modules\\express\\lib\\router\\index.js:286:9\n    at Function.process_params (S:\\flood-disaster-management\\server\\node_modules\\express\\lib\\router\\index.js:346:12)\n    at next (S:\\flood-disaster-management\\server\\node_modules\\express\\lib\\router\\index.js:280:10)\n    at S:\\flood-disaster-management\\server\\node_modules\\express\\lib\\router\\index.js:646:15\n    at next (S:\\flood-disaster-management\\server\\node_modules\\express\\lib\\router\\index.js:265:14)\n    at Function.handle (S:\\flood-disaster-management\\server\\node_modules\\express\\lib\\router\\index.js:175:3)\n    at router (S:\\flood-disaster-management\\server\\node_modules\\express\\lib\\router\\index.js:47:12)",
      "errorCode": "ERR_NOT_FOUND"
    }
  }
}
2025-10-04T09:06:02.207Z [error]: Route not found with ID: /api/api/admin/resources?page=1&limit=10&search=&category=all&location=all&status=all&sortField=name&sortOrder=asc [cd535919-e387-4cb9-b932-fe4a3022b119]
{
  "metadata": {
    "service": "Aqua Assists-api",
    "hostname": "Sandip_10",
    "environment": "development",
    "correlationId": "cd535919-e387-4cb9-b932-fe4a3022b119",
    "url": "/api/api/admin/resources?page=1&limit=10&search=&category=all&location=all&status=all&sortField=name&sortOrder=asc",
    "method": "GET",
    "ip": "::1",
    "userAgent": "Mozilla/5.0 (Windows NT 10.0; Win64; x64) AppleWebKit/537.36 (KHTML, like Gecko) Chrome/131.0.0.0 Safari/537.36",
    "userId": "anonymous",
    "requestQuery": {
      "page": "1",
      "limit": "10",
      "search": "",
      "category": "all",
      "location": "all",
      "status": "all",
      "sortField": "name",
      "sortOrder": "asc"
    },
    "error": {
      "name": "ResourceNotFoundError",
      "message": "Route not found with ID: /api/api/admin/resources?page=1&limit=10&search=&category=all&location=all&status=all&sortField=name&sortOrder=asc",
      "stack": "ResourceNotFoundError: Route not found with ID: /api/api/admin/resources?page=1&limit=10&search=&category=all&location=all&status=all&sortField=name&sortOrder=asc\n    at notFoundHandler (S:\\flood-disaster-management\\server\\middleware\\errorHandler.js:361:17)\n    at Layer.handle [as handle_request] (S:\\flood-disaster-management\\server\\node_modules\\express\\lib\\router\\layer.js:95:5)\n    at trim_prefix (S:\\flood-disaster-management\\server\\node_modules\\express\\lib\\router\\index.js:328:13)\n    at S:\\flood-disaster-management\\server\\node_modules\\express\\lib\\router\\index.js:286:9\n    at Function.process_params (S:\\flood-disaster-management\\server\\node_modules\\express\\lib\\router\\index.js:346:12)\n    at next (S:\\flood-disaster-management\\server\\node_modules\\express\\lib\\router\\index.js:280:10)\n    at S:\\flood-disaster-management\\server\\node_modules\\express\\lib\\router\\index.js:646:15\n    at next (S:\\flood-disaster-management\\server\\node_modules\\express\\lib\\router\\index.js:265:14)\n    at Function.handle (S:\\flood-disaster-management\\server\\node_modules\\express\\lib\\router\\index.js:175:3)\n    at router (S:\\flood-disaster-management\\server\\node_modules\\express\\lib\\router\\index.js:47:12)",
      "errorCode": "ERR_NOT_FOUND"
    }
  }
}
2025-10-04T09:06:04.224Z [error]: Route not found with ID: /api/api/admin/resources?page=1&limit=10&search=&category=all&location=all&status=all&sortField=name&sortOrder=asc [6da772f0-9884-439e-a149-c86c31e5d0c0]
{
  "metadata": {
    "service": "Aqua Assists-api",
    "hostname": "Sandip_10",
    "environment": "development",
    "correlationId": "6da772f0-9884-439e-a149-c86c31e5d0c0",
    "url": "/api/api/admin/resources?page=1&limit=10&search=&category=all&location=all&status=all&sortField=name&sortOrder=asc",
    "method": "GET",
    "ip": "::1",
    "userAgent": "Mozilla/5.0 (Windows NT 10.0; Win64; x64) AppleWebKit/537.36 (KHTML, like Gecko) Chrome/131.0.0.0 Safari/537.36",
    "userId": "anonymous",
    "requestQuery": {
      "page": "1",
      "limit": "10",
      "search": "",
      "category": "all",
      "location": "all",
      "status": "all",
      "sortField": "name",
      "sortOrder": "asc"
    },
    "error": {
      "name": "ResourceNotFoundError",
      "message": "Route not found with ID: /api/api/admin/resources?page=1&limit=10&search=&category=all&location=all&status=all&sortField=name&sortOrder=asc",
      "stack": "ResourceNotFoundError: Route not found with ID: /api/api/admin/resources?page=1&limit=10&search=&category=all&location=all&status=all&sortField=name&sortOrder=asc\n    at notFoundHandler (S:\\flood-disaster-management\\server\\middleware\\errorHandler.js:361:17)\n    at Layer.handle [as handle_request] (S:\\flood-disaster-management\\server\\node_modules\\express\\lib\\router\\layer.js:95:5)\n    at trim_prefix (S:\\flood-disaster-management\\server\\node_modules\\express\\lib\\router\\index.js:328:13)\n    at S:\\flood-disaster-management\\server\\node_modules\\express\\lib\\router\\index.js:286:9\n    at Function.process_params (S:\\flood-disaster-management\\server\\node_modules\\express\\lib\\router\\index.js:346:12)\n    at next (S:\\flood-disaster-management\\server\\node_modules\\express\\lib\\router\\index.js:280:10)\n    at S:\\flood-disaster-management\\server\\node_modules\\express\\lib\\router\\index.js:646:15\n    at next (S:\\flood-disaster-management\\server\\node_modules\\express\\lib\\router\\index.js:265:14)\n    at Function.handle (S:\\flood-disaster-management\\server\\node_modules\\express\\lib\\router\\index.js:175:3)\n    at router (S:\\flood-disaster-management\\server\\node_modules\\express\\lib\\router\\index.js:47:12)",
      "errorCode": "ERR_NOT_FOUND"
    }
  }
}
2025-10-04T09:06:25.075Z [error]: Route not found with ID: /api/api/financial-aid?page=1&limit=10&sortField=createdAt&sortOrder=desc [65cbeb69-b5c2-4541-91fd-830289967dbf]
{
  "metadata": {
    "service": "Aqua Assists-api",
    "hostname": "Sandip_10",
    "environment": "development",
    "correlationId": "65cbeb69-b5c2-4541-91fd-830289967dbf",
    "url": "/api/api/financial-aid?page=1&limit=10&sortField=createdAt&sortOrder=desc",
    "method": "GET",
    "ip": "::1",
    "userAgent": "Mozilla/5.0 (Windows NT 10.0; Win64; x64) AppleWebKit/537.36 (KHTML, like Gecko) Chrome/131.0.0.0 Safari/537.36",
    "userId": "anonymous",
    "requestQuery": {
      "page": "1",
      "limit": "10",
      "sortField": "createdAt",
      "sortOrder": "desc"
    },
    "error": {
      "name": "ResourceNotFoundError",
      "message": "Route not found with ID: /api/api/financial-aid?page=1&limit=10&sortField=createdAt&sortOrder=desc",
      "stack": "ResourceNotFoundError: Route not found with ID: /api/api/financial-aid?page=1&limit=10&sortField=createdAt&sortOrder=desc\n    at notFoundHandler (S:\\flood-disaster-management\\server\\middleware\\errorHandler.js:361:17)\n    at Layer.handle [as handle_request] (S:\\flood-disaster-management\\server\\node_modules\\express\\lib\\router\\layer.js:95:5)\n    at trim_prefix (S:\\flood-disaster-management\\server\\node_modules\\express\\lib\\router\\index.js:328:13)\n    at S:\\flood-disaster-management\\server\\node_modules\\express\\lib\\router\\index.js:286:9\n    at Function.process_params (S:\\flood-disaster-management\\server\\node_modules\\express\\lib\\router\\index.js:346:12)\n    at next (S:\\flood-disaster-management\\server\\node_modules\\express\\lib\\router\\index.js:280:10)\n    at S:\\flood-disaster-management\\server\\node_modules\\express\\lib\\router\\index.js:646:15\n    at next (S:\\flood-disaster-management\\server\\node_modules\\express\\lib\\router\\index.js:265:14)\n    at Function.handle (S:\\flood-disaster-management\\server\\node_modules\\express\\lib\\router\\index.js:175:3)\n    at router (S:\\flood-disaster-management\\server\\node_modules\\express\\lib\\router\\index.js:47:12)",
      "errorCode": "ERR_NOT_FOUND"
    }
  }
}
2025-10-04T09:06:26.088Z [error]: Route not found with ID: /api/api/financial-aid?page=1&limit=10&sortField=createdAt&sortOrder=desc [748749af-c29a-4069-b531-640be2ece9f7]
{
  "metadata": {
    "service": "Aqua Assists-api",
    "hostname": "Sandip_10",
    "environment": "development",
    "correlationId": "748749af-c29a-4069-b531-640be2ece9f7",
    "url": "/api/api/financial-aid?page=1&limit=10&sortField=createdAt&sortOrder=desc",
    "method": "GET",
    "ip": "::1",
    "userAgent": "Mozilla/5.0 (Windows NT 10.0; Win64; x64) AppleWebKit/537.36 (KHTML, like Gecko) Chrome/131.0.0.0 Safari/537.36",
    "userId": "anonymous",
    "requestQuery": {
      "page": "1",
      "limit": "10",
      "sortField": "createdAt",
      "sortOrder": "desc"
    },
    "error": {
      "name": "ResourceNotFoundError",
      "message": "Route not found with ID: /api/api/financial-aid?page=1&limit=10&sortField=createdAt&sortOrder=desc",
      "stack": "ResourceNotFoundError: Route not found with ID: /api/api/financial-aid?page=1&limit=10&sortField=createdAt&sortOrder=desc\n    at notFoundHandler (S:\\flood-disaster-management\\server\\middleware\\errorHandler.js:361:17)\n    at Layer.handle [as handle_request] (S:\\flood-disaster-management\\server\\node_modules\\express\\lib\\router\\layer.js:95:5)\n    at trim_prefix (S:\\flood-disaster-management\\server\\node_modules\\express\\lib\\router\\index.js:328:13)\n    at S:\\flood-disaster-management\\server\\node_modules\\express\\lib\\router\\index.js:286:9\n    at Function.process_params (S:\\flood-disaster-management\\server\\node_modules\\express\\lib\\router\\index.js:346:12)\n    at next (S:\\flood-disaster-management\\server\\node_modules\\express\\lib\\router\\index.js:280:10)\n    at S:\\flood-disaster-management\\server\\node_modules\\express\\lib\\router\\index.js:646:15\n    at next (S:\\flood-disaster-management\\server\\node_modules\\express\\lib\\router\\index.js:265:14)\n    at Function.handle (S:\\flood-disaster-management\\server\\node_modules\\express\\lib\\router\\index.js:175:3)\n    at router (S:\\flood-disaster-management\\server\\node_modules\\express\\lib\\router\\index.js:47:12)",
      "errorCode": "ERR_NOT_FOUND"
    }
  }
}
2025-10-04T09:06:28.115Z [error]: Route not found with ID: /api/api/financial-aid?page=1&limit=10&sortField=createdAt&sortOrder=desc [6d655dca-392b-410e-8a7b-d775e463c464]
{
  "metadata": {
    "service": "Aqua Assists-api",
    "hostname": "Sandip_10",
    "environment": "development",
    "correlationId": "6d655dca-392b-410e-8a7b-d775e463c464",
    "url": "/api/api/financial-aid?page=1&limit=10&sortField=createdAt&sortOrder=desc",
    "method": "GET",
    "ip": "::1",
    "userAgent": "Mozilla/5.0 (Windows NT 10.0; Win64; x64) AppleWebKit/537.36 (KHTML, like Gecko) Chrome/131.0.0.0 Safari/537.36",
    "userId": "anonymous",
    "requestQuery": {
      "page": "1",
      "limit": "10",
      "sortField": "createdAt",
      "sortOrder": "desc"
    },
    "error": {
      "name": "ResourceNotFoundError",
      "message": "Route not found with ID: /api/api/financial-aid?page=1&limit=10&sortField=createdAt&sortOrder=desc",
      "stack": "ResourceNotFoundError: Route not found with ID: /api/api/financial-aid?page=1&limit=10&sortField=createdAt&sortOrder=desc\n    at notFoundHandler (S:\\flood-disaster-management\\server\\middleware\\errorHandler.js:361:17)\n    at Layer.handle [as handle_request] (S:\\flood-disaster-management\\server\\node_modules\\express\\lib\\router\\layer.js:95:5)\n    at trim_prefix (S:\\flood-disaster-management\\server\\node_modules\\express\\lib\\router\\index.js:328:13)\n    at S:\\flood-disaster-management\\server\\node_modules\\express\\lib\\router\\index.js:286:9\n    at Function.process_params (S:\\flood-disaster-management\\server\\node_modules\\express\\lib\\router\\index.js:346:12)\n    at next (S:\\flood-disaster-management\\server\\node_modules\\express\\lib\\router\\index.js:280:10)\n    at S:\\flood-disaster-management\\server\\node_modules\\express\\lib\\router\\index.js:646:15\n    at next (S:\\flood-disaster-management\\server\\node_modules\\express\\lib\\router\\index.js:265:14)\n    at Function.handle (S:\\flood-disaster-management\\server\\node_modules\\express\\lib\\router\\index.js:175:3)\n    at router (S:\\flood-disaster-management\\server\\node_modules\\express\\lib\\router\\index.js:47:12)",
      "errorCode": "ERR_NOT_FOUND"
    }
  }
}
2025-10-04T09:06:47.326Z [error]: Route not found with ID: /api/api/admin/resources?page=1&limit=10&search=&category=all&location=all&status=all&sortField=name&sortOrder=asc [7287e116-9cbf-480e-91c8-7d1336a8a214]
{
  "metadata": {
    "service": "Aqua Assists-api",
    "hostname": "Sandip_10",
    "environment": "development",
    "correlationId": "7287e116-9cbf-480e-91c8-7d1336a8a214",
    "url": "/api/api/admin/resources?page=1&limit=10&search=&category=all&location=all&status=all&sortField=name&sortOrder=asc",
    "method": "GET",
    "ip": "::1",
    "userAgent": "Mozilla/5.0 (Windows NT 10.0; Win64; x64) AppleWebKit/537.36 (KHTML, like Gecko) Chrome/131.0.0.0 Safari/537.36",
    "userId": "anonymous",
    "requestQuery": {
      "page": "1",
      "limit": "10",
      "search": "",
      "category": "all",
      "location": "all",
      "status": "all",
      "sortField": "name",
      "sortOrder": "asc"
    },
    "error": {
      "name": "ResourceNotFoundError",
      "message": "Route not found with ID: /api/api/admin/resources?page=1&limit=10&search=&category=all&location=all&status=all&sortField=name&sortOrder=asc",
      "stack": "ResourceNotFoundError: Route not found with ID: /api/api/admin/resources?page=1&limit=10&search=&category=all&location=all&status=all&sortField=name&sortOrder=asc\n    at notFoundHandler (S:\\flood-disaster-management\\server\\middleware\\errorHandler.js:361:17)\n    at Layer.handle [as handle_request] (S:\\flood-disaster-management\\server\\node_modules\\express\\lib\\router\\layer.js:95:5)\n    at trim_prefix (S:\\flood-disaster-management\\server\\node_modules\\express\\lib\\router\\index.js:328:13)\n    at S:\\flood-disaster-management\\server\\node_modules\\express\\lib\\router\\index.js:286:9\n    at Function.process_params (S:\\flood-disaster-management\\server\\node_modules\\express\\lib\\router\\index.js:346:12)\n    at next (S:\\flood-disaster-management\\server\\node_modules\\express\\lib\\router\\index.js:280:10)\n    at S:\\flood-disaster-management\\server\\node_modules\\express\\lib\\router\\index.js:646:15\n    at next (S:\\flood-disaster-management\\server\\node_modules\\express\\lib\\router\\index.js:265:14)\n    at Function.handle (S:\\flood-disaster-management\\server\\node_modules\\express\\lib\\router\\index.js:175:3)\n    at router (S:\\flood-disaster-management\\server\\node_modules\\express\\lib\\router\\index.js:47:12)",
      "errorCode": "ERR_NOT_FOUND"
    }
  }
}
2025-10-04T09:06:48.346Z [error]: Route not found with ID: /api/api/admin/resources?page=1&limit=10&search=&category=all&location=all&status=all&sortField=name&sortOrder=asc [c1ba0cf9-8f65-4733-92fd-d657d7e53e6f]
{
  "metadata": {
    "service": "Aqua Assists-api",
    "hostname": "Sandip_10",
    "environment": "development",
    "correlationId": "c1ba0cf9-8f65-4733-92fd-d657d7e53e6f",
    "url": "/api/api/admin/resources?page=1&limit=10&search=&category=all&location=all&status=all&sortField=name&sortOrder=asc",
    "method": "GET",
    "ip": "::1",
    "userAgent": "Mozilla/5.0 (Windows NT 10.0; Win64; x64) AppleWebKit/537.36 (KHTML, like Gecko) Chrome/131.0.0.0 Safari/537.36",
    "userId": "anonymous",
    "requestQuery": {
      "page": "1",
      "limit": "10",
      "search": "",
      "category": "all",
      "location": "all",
      "status": "all",
      "sortField": "name",
      "sortOrder": "asc"
    },
    "error": {
      "name": "ResourceNotFoundError",
      "message": "Route not found with ID: /api/api/admin/resources?page=1&limit=10&search=&category=all&location=all&status=all&sortField=name&sortOrder=asc",
      "stack": "ResourceNotFoundError: Route not found with ID: /api/api/admin/resources?page=1&limit=10&search=&category=all&location=all&status=all&sortField=name&sortOrder=asc\n    at notFoundHandler (S:\\flood-disaster-management\\server\\middleware\\errorHandler.js:361:17)\n    at Layer.handle [as handle_request] (S:\\flood-disaster-management\\server\\node_modules\\express\\lib\\router\\layer.js:95:5)\n    at trim_prefix (S:\\flood-disaster-management\\server\\node_modules\\express\\lib\\router\\index.js:328:13)\n    at S:\\flood-disaster-management\\server\\node_modules\\express\\lib\\router\\index.js:286:9\n    at Function.process_params (S:\\flood-disaster-management\\server\\node_modules\\express\\lib\\router\\index.js:346:12)\n    at next (S:\\flood-disaster-management\\server\\node_modules\\express\\lib\\router\\index.js:280:10)\n    at S:\\flood-disaster-management\\server\\node_modules\\express\\lib\\router\\index.js:646:15\n    at next (S:\\flood-disaster-management\\server\\node_modules\\express\\lib\\router\\index.js:265:14)\n    at Function.handle (S:\\flood-disaster-management\\server\\node_modules\\express\\lib\\router\\index.js:175:3)\n    at router (S:\\flood-disaster-management\\server\\node_modules\\express\\lib\\router\\index.js:47:12)",
      "errorCode": "ERR_NOT_FOUND"
    }
  }
}
2025-10-04T09:06:53.390Z [error]: Route not found with ID: /api/api/financial-aid?page=1&limit=10&sortField=createdAt&sortOrder=desc [5222ac07-6011-4939-91f4-2f1ad33518da]
{
  "metadata": {
    "service": "Aqua Assists-api",
    "hostname": "Sandip_10",
    "environment": "development",
    "correlationId": "5222ac07-6011-4939-91f4-2f1ad33518da",
    "url": "/api/api/financial-aid?page=1&limit=10&sortField=createdAt&sortOrder=desc",
    "method": "GET",
    "ip": "::1",
    "userAgent": "Mozilla/5.0 (Windows NT 10.0; Win64; x64) AppleWebKit/537.36 (KHTML, like Gecko) Chrome/131.0.0.0 Safari/537.36",
    "userId": "anonymous",
    "requestQuery": {
      "page": "1",
      "limit": "10",
      "sortField": "createdAt",
      "sortOrder": "desc"
    },
    "error": {
      "name": "ResourceNotFoundError",
      "message": "Route not found with ID: /api/api/financial-aid?page=1&limit=10&sortField=createdAt&sortOrder=desc",
      "stack": "ResourceNotFoundError: Route not found with ID: /api/api/financial-aid?page=1&limit=10&sortField=createdAt&sortOrder=desc\n    at notFoundHandler (S:\\flood-disaster-management\\server\\middleware\\errorHandler.js:361:17)\n    at Layer.handle [as handle_request] (S:\\flood-disaster-management\\server\\node_modules\\express\\lib\\router\\layer.js:95:5)\n    at trim_prefix (S:\\flood-disaster-management\\server\\node_modules\\express\\lib\\router\\index.js:328:13)\n    at S:\\flood-disaster-management\\server\\node_modules\\express\\lib\\router\\index.js:286:9\n    at Function.process_params (S:\\flood-disaster-management\\server\\node_modules\\express\\lib\\router\\index.js:346:12)\n    at next (S:\\flood-disaster-management\\server\\node_modules\\express\\lib\\router\\index.js:280:10)\n    at S:\\flood-disaster-management\\server\\node_modules\\express\\lib\\router\\index.js:646:15\n    at next (S:\\flood-disaster-management\\server\\node_modules\\express\\lib\\router\\index.js:265:14)\n    at Function.handle (S:\\flood-disaster-management\\server\\node_modules\\express\\lib\\router\\index.js:175:3)\n    at router (S:\\flood-disaster-management\\server\\node_modules\\express\\lib\\router\\index.js:47:12)",
      "errorCode": "ERR_NOT_FOUND"
    }
  }
}
2025-10-04T09:06:54.912Z [error]: Route not found with ID: /api/api/financial-aid?page=1&limit=10&sortField=createdAt&sortOrder=desc [d8e96364-6ec8-413e-b414-e47792c819d6]
{
  "metadata": {
    "service": "Aqua Assists-api",
    "hostname": "Sandip_10",
    "environment": "development",
    "correlationId": "d8e96364-6ec8-413e-b414-e47792c819d6",
    "url": "/api/api/financial-aid?page=1&limit=10&sortField=createdAt&sortOrder=desc",
    "method": "GET",
    "ip": "::1",
    "userAgent": "Mozilla/5.0 (Windows NT 10.0; Win64; x64) AppleWebKit/537.36 (KHTML, like Gecko) Chrome/131.0.0.0 Safari/537.36",
    "userId": "anonymous",
    "requestQuery": {
      "page": "1",
      "limit": "10",
      "sortField": "createdAt",
      "sortOrder": "desc"
    },
    "error": {
      "name": "ResourceNotFoundError",
      "message": "Route not found with ID: /api/api/financial-aid?page=1&limit=10&sortField=createdAt&sortOrder=desc",
      "stack": "ResourceNotFoundError: Route not found with ID: /api/api/financial-aid?page=1&limit=10&sortField=createdAt&sortOrder=desc\n    at notFoundHandler (S:\\flood-disaster-management\\server\\middleware\\errorHandler.js:361:17)\n    at Layer.handle [as handle_request] (S:\\flood-disaster-management\\server\\node_modules\\express\\lib\\router\\layer.js:95:5)\n    at trim_prefix (S:\\flood-disaster-management\\server\\node_modules\\express\\lib\\router\\index.js:328:13)\n    at S:\\flood-disaster-management\\server\\node_modules\\express\\lib\\router\\index.js:286:9\n    at Function.process_params (S:\\flood-disaster-management\\server\\node_modules\\express\\lib\\router\\index.js:346:12)\n    at next (S:\\flood-disaster-management\\server\\node_modules\\express\\lib\\router\\index.js:280:10)\n    at S:\\flood-disaster-management\\server\\node_modules\\express\\lib\\router\\index.js:646:15\n    at next (S:\\flood-disaster-management\\server\\node_modules\\express\\lib\\router\\index.js:265:14)\n    at Function.handle (S:\\flood-disaster-management\\server\\node_modules\\express\\lib\\router\\index.js:175:3)\n    at router (S:\\flood-disaster-management\\server\\node_modules\\express\\lib\\router\\index.js:47:12)",
      "errorCode": "ERR_NOT_FOUND"
    }
  }
}
2025-10-04T09:06:59.462Z [error]: Route not found with ID: /api/api/financial-aid?page=1&limit=10&sortField=createdAt&sortOrder=desc [0702dbea-296d-4dc9-904e-ec484f919533]
{
  "metadata": {
    "service": "Aqua Assists-api",
    "hostname": "Sandip_10",
    "environment": "development",
    "correlationId": "0702dbea-296d-4dc9-904e-ec484f919533",
    "url": "/api/api/financial-aid?page=1&limit=10&sortField=createdAt&sortOrder=desc",
    "method": "GET",
    "ip": "::1",
    "userAgent": "Mozilla/5.0 (Windows NT 10.0; Win64; x64) AppleWebKit/537.36 (KHTML, like Gecko) Chrome/131.0.0.0 Safari/537.36",
    "userId": "anonymous",
    "requestQuery": {
      "page": "1",
      "limit": "10",
      "sortField": "createdAt",
      "sortOrder": "desc"
    },
    "error": {
      "name": "ResourceNotFoundError",
      "message": "Route not found with ID: /api/api/financial-aid?page=1&limit=10&sortField=createdAt&sortOrder=desc",
      "stack": "ResourceNotFoundError: Route not found with ID: /api/api/financial-aid?page=1&limit=10&sortField=createdAt&sortOrder=desc\n    at notFoundHandler (S:\\flood-disaster-management\\server\\middleware\\errorHandler.js:361:17)\n    at Layer.handle [as handle_request] (S:\\flood-disaster-management\\server\\node_modules\\express\\lib\\router\\layer.js:95:5)\n    at trim_prefix (S:\\flood-disaster-management\\server\\node_modules\\express\\lib\\router\\index.js:328:13)\n    at S:\\flood-disaster-management\\server\\node_modules\\express\\lib\\router\\index.js:286:9\n    at Function.process_params (S:\\flood-disaster-management\\server\\node_modules\\express\\lib\\router\\index.js:346:12)\n    at next (S:\\flood-disaster-management\\server\\node_modules\\express\\lib\\router\\index.js:280:10)\n    at S:\\flood-disaster-management\\server\\node_modules\\express\\lib\\router\\index.js:646:15\n    at next (S:\\flood-disaster-management\\server\\node_modules\\express\\lib\\router\\index.js:265:14)\n    at Function.handle (S:\\flood-disaster-management\\server\\node_modules\\express\\lib\\router\\index.js:175:3)\n    at router (S:\\flood-disaster-management\\server\\node_modules\\express\\lib\\router\\index.js:47:12)",
      "errorCode": "ERR_NOT_FOUND"
    }
  }
}
2025-10-04T09:07:00.992Z [error]: Route not found with ID: /api/api/financial-aid?page=1&limit=10&sortField=createdAt&sortOrder=desc [0068fe3d-33bf-473e-9e54-9f35b78bebfe]
{
  "metadata": {
    "service": "Aqua Assists-api",
    "hostname": "Sandip_10",
    "environment": "development",
    "correlationId": "0068fe3d-33bf-473e-9e54-9f35b78bebfe",
    "url": "/api/api/financial-aid?page=1&limit=10&sortField=createdAt&sortOrder=desc",
    "method": "GET",
    "ip": "::1",
    "userAgent": "Mozilla/5.0 (Windows NT 10.0; Win64; x64) AppleWebKit/537.36 (KHTML, like Gecko) Chrome/131.0.0.0 Safari/537.36",
    "userId": "anonymous",
    "requestQuery": {
      "page": "1",
      "limit": "10",
      "sortField": "createdAt",
      "sortOrder": "desc"
    },
    "error": {
      "name": "ResourceNotFoundError",
      "message": "Route not found with ID: /api/api/financial-aid?page=1&limit=10&sortField=createdAt&sortOrder=desc",
      "stack": "ResourceNotFoundError: Route not found with ID: /api/api/financial-aid?page=1&limit=10&sortField=createdAt&sortOrder=desc\n    at notFoundHandler (S:\\flood-disaster-management\\server\\middleware\\errorHandler.js:361:17)\n    at Layer.handle [as handle_request] (S:\\flood-disaster-management\\server\\node_modules\\express\\lib\\router\\layer.js:95:5)\n    at trim_prefix (S:\\flood-disaster-management\\server\\node_modules\\express\\lib\\router\\index.js:328:13)\n    at S:\\flood-disaster-management\\server\\node_modules\\express\\lib\\router\\index.js:286:9\n    at Function.process_params (S:\\flood-disaster-management\\server\\node_modules\\express\\lib\\router\\index.js:346:12)\n    at next (S:\\flood-disaster-management\\server\\node_modules\\express\\lib\\router\\index.js:280:10)\n    at S:\\flood-disaster-management\\server\\node_modules\\express\\lib\\router\\index.js:646:15\n    at next (S:\\flood-disaster-management\\server\\node_modules\\express\\lib\\router\\index.js:265:14)\n    at Function.handle (S:\\flood-disaster-management\\server\\node_modules\\express\\lib\\router\\index.js:175:3)\n    at router (S:\\flood-disaster-management\\server\\node_modules\\express\\lib\\router\\index.js:47:12)",
      "errorCode": "ERR_NOT_FOUND"
    }
  }
}
2025-10-04T09:07:15.792Z [error]: Route not found with ID: /api/api/admin/resources?page=1&limit=10&search=&category=all&location=all&status=all&sortField=name&sortOrder=asc [177f223d-76f9-44c4-a390-c49d19c9787d]
{
  "metadata": {
    "service": "Aqua Assists-api",
    "hostname": "Sandip_10",
    "environment": "development",
    "correlationId": "177f223d-76f9-44c4-a390-c49d19c9787d",
    "url": "/api/api/admin/resources?page=1&limit=10&search=&category=all&location=all&status=all&sortField=name&sortOrder=asc",
    "method": "GET",
    "ip": "::1",
    "userAgent": "Mozilla/5.0 (Windows NT 10.0; Win64; x64) AppleWebKit/537.36 (KHTML, like Gecko) Chrome/131.0.0.0 Safari/537.36",
    "userId": "anonymous",
    "requestQuery": {
      "page": "1",
      "limit": "10",
      "search": "",
      "category": "all",
      "location": "all",
      "status": "all",
      "sortField": "name",
      "sortOrder": "asc"
    },
    "error": {
      "name": "ResourceNotFoundError",
      "message": "Route not found with ID: /api/api/admin/resources?page=1&limit=10&search=&category=all&location=all&status=all&sortField=name&sortOrder=asc",
      "stack": "ResourceNotFoundError: Route not found with ID: /api/api/admin/resources?page=1&limit=10&search=&category=all&location=all&status=all&sortField=name&sortOrder=asc\n    at notFoundHandler (S:\\flood-disaster-management\\server\\middleware\\errorHandler.js:361:17)\n    at Layer.handle [as handle_request] (S:\\flood-disaster-management\\server\\node_modules\\express\\lib\\router\\layer.js:95:5)\n    at trim_prefix (S:\\flood-disaster-management\\server\\node_modules\\express\\lib\\router\\index.js:328:13)\n    at S:\\flood-disaster-management\\server\\node_modules\\express\\lib\\router\\index.js:286:9\n    at Function.process_params (S:\\flood-disaster-management\\server\\node_modules\\express\\lib\\router\\index.js:346:12)\n    at next (S:\\flood-disaster-management\\server\\node_modules\\express\\lib\\router\\index.js:280:10)\n    at S:\\flood-disaster-management\\server\\node_modules\\express\\lib\\router\\index.js:646:15\n    at next (S:\\flood-disaster-management\\server\\node_modules\\express\\lib\\router\\index.js:265:14)\n    at Function.handle (S:\\flood-disaster-management\\server\\node_modules\\express\\lib\\router\\index.js:175:3)\n    at router (S:\\flood-disaster-management\\server\\node_modules\\express\\lib\\router\\index.js:47:12)",
      "errorCode": "ERR_NOT_FOUND"
    }
  }
}
2025-10-04T09:07:17.828Z [error]: Route not found with ID: /api/api/admin/resources?page=1&limit=10&search=&category=all&location=all&status=all&sortField=name&sortOrder=asc [fbe8b5fd-0434-485b-a6ad-91dc7c10f45d]
{
  "metadata": {
    "service": "Aqua Assists-api",
    "hostname": "Sandip_10",
    "environment": "development",
    "correlationId": "fbe8b5fd-0434-485b-a6ad-91dc7c10f45d",
    "url": "/api/api/admin/resources?page=1&limit=10&search=&category=all&location=all&status=all&sortField=name&sortOrder=asc",
    "method": "GET",
    "ip": "::1",
    "userAgent": "Mozilla/5.0 (Windows NT 10.0; Win64; x64) AppleWebKit/537.36 (KHTML, like Gecko) Chrome/131.0.0.0 Safari/537.36",
    "userId": "anonymous",
    "requestQuery": {
      "page": "1",
      "limit": "10",
      "search": "",
      "category": "all",
      "location": "all",
      "status": "all",
      "sortField": "name",
      "sortOrder": "asc"
    },
    "error": {
      "name": "ResourceNotFoundError",
      "message": "Route not found with ID: /api/api/admin/resources?page=1&limit=10&search=&category=all&location=all&status=all&sortField=name&sortOrder=asc",
      "stack": "ResourceNotFoundError: Route not found with ID: /api/api/admin/resources?page=1&limit=10&search=&category=all&location=all&status=all&sortField=name&sortOrder=asc\n    at notFoundHandler (S:\\flood-disaster-management\\server\\middleware\\errorHandler.js:361:17)\n    at Layer.handle [as handle_request] (S:\\flood-disaster-management\\server\\node_modules\\express\\lib\\router\\layer.js:95:5)\n    at trim_prefix (S:\\flood-disaster-management\\server\\node_modules\\express\\lib\\router\\index.js:328:13)\n    at S:\\flood-disaster-management\\server\\node_modules\\express\\lib\\router\\index.js:286:9\n    at Function.process_params (S:\\flood-disaster-management\\server\\node_modules\\express\\lib\\router\\index.js:346:12)\n    at next (S:\\flood-disaster-management\\server\\node_modules\\express\\lib\\router\\index.js:280:10)\n    at S:\\flood-disaster-management\\server\\node_modules\\express\\lib\\router\\index.js:646:15\n    at next (S:\\flood-disaster-management\\server\\node_modules\\express\\lib\\router\\index.js:265:14)\n    at Function.handle (S:\\flood-disaster-management\\server\\node_modules\\express\\lib\\router\\index.js:175:3)\n    at router (S:\\flood-disaster-management\\server\\node_modules\\express\\lib\\router\\index.js:47:12)",
      "errorCode": "ERR_NOT_FOUND"
    }
  }
}
